

============================== 2023-01-29 11:53:05.002684 | 77036bfb-33ca-43dd-a386-9b32e154146a ==============================
[0m11:53:05.002699 [info ] [MainThread]: Running with dbt=1.3.1
[0m11:53:05.002953 [debug] [MainThread]: running dbt with arguments {'write_json': True, 'use_colors': True, 'printer_width': 80, 'version_check': True, 'partial_parse': True, 'static_parser': True, 'profiles_dir': '/Users/ekanthnithish/.dbt', 'send_anonymous_usage_stats': True, 'event_buffer_size': 100000, 'quiet': False, 'no_print': False, 'project_name': 'cloud-run-dbt', 'skip_profile_setup': False, 'which': 'init', 'indirect_selection': 'eager'}
[0m11:53:05.003038 [debug] [MainThread]: Tracking: tracking
[0m11:53:05.027025 [debug] [MainThread]: Sending event: {'category': 'dbt', 'action': 'invocation', 'label': 'start', 'context': [<snowplow_tracker.self_describing_json.SelfDescribingJson object at 0x10e835910>, <snowplow_tracker.self_describing_json.SelfDescribingJson object at 0x10e8413d0>, <snowplow_tracker.self_describing_json.SelfDescribingJson object at 0x10e8410a0>]}
[0m11:53:23.641766 [debug] [MainThread]: Sending event: {'category': 'dbt', 'action': 'invocation', 'label': 'end', 'context': [<snowplow_tracker.self_describing_json.SelfDescribingJson object at 0x10e835910>, <snowplow_tracker.self_describing_json.SelfDescribingJson object at 0x10e814490>, <snowplow_tracker.self_describing_json.SelfDescribingJson object at 0x10e8141f0>]}
[0m11:53:23.642637 [debug] [MainThread]: Flushing usage events
[0m11:53:24.952550 [error] [MainThread]: Encountered an error:

[0m11:53:24.973990 [error] [MainThread]: Traceback (most recent call last):
  File "/Library/Python/3.9/site-packages/dbt/main.py", line 135, in main
    results, succeeded = handle_and_check(args)
  File "/Library/Python/3.9/site-packages/dbt/main.py", line 198, in handle_and_check
    task, res = run_from_args(parsed)
  File "/Library/Python/3.9/site-packages/dbt/main.py", line 245, in run_from_args
    results = task.run()
  File "/Library/Python/3.9/site-packages/dbt/task/init.py", line 313, in run
    project_name = self.get_valid_project_name()
  File "/Library/Python/3.9/site-packages/dbt/task/init.py", line 270, in get_valid_project_name
    name = click.prompt("Enter a name for your project (letters, digits, underscore)")
  File "/Library/Python/3.9/site-packages/click/termui.py", line 166, in prompt
    value = prompt_func(prompt)
  File "/Library/Python/3.9/site-packages/click/termui.py", line 149, in prompt_func
    raise Abort() from None
click.exceptions.Abort



============================== 2023-01-29 11:53:29.155689 | 9e1a18c1-a9cb-4266-a5b9-907e0cbafd8f ==============================
[0m11:53:29.155704 [info ] [MainThread]: Running with dbt=1.3.1
[0m11:53:29.155967 [debug] [MainThread]: running dbt with arguments {'write_json': True, 'use_colors': True, 'printer_width': 80, 'version_check': True, 'partial_parse': True, 'static_parser': True, 'profiles_dir': '/Users/ekanthnithish/.dbt', 'send_anonymous_usage_stats': True, 'event_buffer_size': 100000, 'quiet': False, 'no_print': False, 'project_name': 'jaffle_shop', 'skip_profile_setup': False, 'which': 'init', 'indirect_selection': 'eager'}
[0m11:53:29.156056 [debug] [MainThread]: Tracking: tracking
[0m11:53:29.176670 [debug] [MainThread]: Sending event: {'category': 'dbt', 'action': 'invocation', 'label': 'start', 'context': [<snowplow_tracker.self_describing_json.SelfDescribingJson object at 0x10e575910>, <snowplow_tracker.self_describing_json.SelfDescribingJson object at 0x10e5813d0>, <snowplow_tracker.self_describing_json.SelfDescribingJson object at 0x10e5810a0>]}
[0m11:53:29.178439 [debug] [MainThread]: Starter project path: /Library/Python/3.9/site-packages/dbt/include/starter_project
[0m11:54:20.472889 [info ] [MainThread]: Profile jaffle_shop written to /Users/ekanthnithish/.dbt/profiles.yml using target's profile_template.yml and your supplied values. Run 'dbt debug' to validate the connection.
[0m11:54:20.474172 [info ] [MainThread]: 
Your new dbt project "jaffle_shop" was created!

For more information on how to configure the profiles.yml file,
please consult the dbt documentation here:

  https://docs.getdbt.com/docs/configure-your-profile

One more thing:

Need help? Don't hesitate to reach out to us via GitHub issues or on Slack:

  https://community.getdbt.com/

Happy modeling!

[0m11:54:20.474849 [debug] [MainThread]: Sending event: {'category': 'dbt', 'action': 'invocation', 'label': 'end', 'context': [<snowplow_tracker.self_describing_json.SelfDescribingJson object at 0x10e5810a0>, <snowplow_tracker.self_describing_json.SelfDescribingJson object at 0x10e5551c0>, <snowplow_tracker.self_describing_json.SelfDescribingJson object at 0x10e5556d0>]}
[0m11:54:20.475409 [debug] [MainThread]: Flushing usage events
